生成启动时间为 2017/5/2 11:41:58。
     1>项目“C:\Users\肖迅东\HomeWork\Project\MFCproject\MFCproject.vcxproj”在节点 2 上(Rebuild 个目标)。
     1>ClCompile:
         C:\Program Files (x86)\Microsoft Visual Studio 11.0\VC\bin\CL.exe /c /ZI /nologo /W3 /WX- /sdl /Od /Oy- /D WIN32 /D _WINDOWS /D _DEBUG /D _UNICODE /D UNICODE /D _AFXDLL /Gm /EHsc /RTC1 /MDd /GS /fp:precise /Zc:wchar_t /Zc:forScope /Yc"stdafx.h" /Fp"Debug\MFCproject.pch" /Fo"Debug\\" /Fd"Debug\vc110.pdb" /Gd /TP /analyze- /errorReport:prompt stdafx.cpp
         stdafx.cpp
         C:\Program Files (x86)\Microsoft Visual Studio 11.0\VC\bin\CL.exe /c /ZI /nologo /W3 /WX- /sdl /Od /Oy- /D WIN32 /D _WINDOWS /D _DEBUG /D _UNICODE /D UNICODE /D _AFXDLL /Gm /EHsc /RTC1 /MDd /GS /fp:precise /Zc:wchar_t /Zc:forScope /Yu"stdafx.h" /Fp"Debug\MFCproject.pch" /Fo"Debug\\" /Fd"Debug\vc110.pdb" /Gd /TP /analyze- /errorReport:prompt BottomFormView.cpp MainFrm.cpp MFCproject.cpp MFCprojectDoc.cpp MFCprojectView.cpp TopFormView.cpp
         TopFormView.cpp
         MFCprojectView.cpp
         MFCprojectDoc.cpp
         MFCproject.cpp
         MainFrm.cpp
         BottomFormView.cpp
         正在生成代码...
       ResourceCompile:
         C:\Program Files (x86)\Windows Kits\8.0\bin\x86\rc.exe /D _DEBUG /D _UNICODE /D UNICODE /D _AFXDLL /l"0x0804" /IDebug\ /nologo /fo"Debug\MFCproject.res" MFCproject.rc 
       Link:
         C:\Program Files (x86)\Microsoft Visual Studio 11.0\VC\bin\link.exe /ERRORREPORT:PROMPT /OUT:"C:\Users\肖迅东\HomeWork\Project\Debug\MFCproject.exe" /INCREMENTAL /NOLOGO /MANIFEST /MANIFESTUAC:"level='asInvoker' uiAccess='false'" /manifest:embed /manifestinput:"C:\Program Files (x86)\Microsoft Visual Studio 11.0\VC\Include\Manifest\dpiaware.manifest" /DEBUG /PDB:"C:\Users\肖迅东\HomeWork\Project\Debug\MFCproject.pdb" /SUBSYSTEM:WINDOWS /TLBID:1 /ENTRY:"wWinMainCRTStartup" /DYNAMICBASE /NXCOMPAT /IMPLIB:"C:\Users\肖迅东\HomeWork\Project\Debug\MFCproject.lib" /MACHINE:X86 Debug\MFCproject.res
         Debug\BottomFormView.obj
         Debug\MainFrm.obj
         Debug\MFCproject.obj
         Debug\MFCprojectDoc.obj
         Debug\MFCprojectView.obj
         Debug\stdafx.obj
         Debug\TopFormView.obj
         MFCproject.vcxproj -> C:\Users\肖迅东\HomeWork\Project\Debug\MFCproject.exe
     1>已完成生成项目“C:\Users\肖迅东\HomeWork\Project\MFCproject\MFCproject.vcxproj”(Rebuild 个目标)的操作。

生成成功。

已用时间 00:00:05.34
