C:\USERS\肖迅东\HOMEWORK\PROJECT\MFCPROJECT\DEBUG\MFCPROJECT.PCH
C:\USERS\肖迅东\HOMEWORK\PROJECT\MFCPROJECT\DEBUG\STDAFX.OBJ
C:\USERS\肖迅东\HOMEWORK\PROJECT\MFCPROJECT\DEBUG\VC110.PDB
C:\USERS\肖迅东\HOMEWORK\PROJECT\MFCPROJECT\DEBUG\LEFTVIEW.OBJ
C:\USERS\肖迅东\HOMEWORK\PROJECT\MFCPROJECT\DEBUG\MAINFRM.OBJ
C:\USERS\肖迅东\HOMEWORK\PROJECT\MFCPROJECT\DEBUG\MFCPROJECT.OBJ
C:\USERS\肖迅东\HOMEWORK\PROJECT\MFCPROJECT\DEBUG\MFCPROJECTDOC.OBJ
C:\USERS\肖迅东\HOMEWORK\PROJECT\MFCPROJECT\DEBUG\MFCPROJECTVIEW.OBJ
C:\USERS\肖迅东\HOMEWORK\PROJECT\MFCPROJECT\DEBUG\PROJECTDIALOG.OBJ
C:\USERS\肖迅东\HOMEWORK\PROJECT\MFCPROJECT\DEBUG\RIGHTVIEW.OBJ
C:\USERS\肖迅东\HOMEWORK\PROJECT\DEBUG\MFCPROJECT.ILK
C:\USERS\肖迅东\HOMEWORK\PROJECT\DEBUG\MFCPROJECT.EXE
C:\USERS\肖迅东\HOMEWORK\PROJECT\DEBUG\MFCPROJECT.PDB
C:\USERS\肖迅东\HOMEWORK\PROJECT\MFCPROJECT\DEBUG\MFCPROJECT.RES
C:\Users\肖迅东\HomeWork\Project\MFCproject\Debug\LeftView.obj
C:\Users\肖迅东\HomeWork\Project\MFCproject\Debug\MainFrm.obj
C:\Users\肖迅东\HomeWork\Project\MFCproject\Debug\MFCproject.obj
C:\Users\肖迅东\HomeWork\Project\MFCproject\Debug\MFCprojectDoc.obj
C:\Users\肖迅东\HomeWork\Project\MFCproject\Debug\MFCprojectView.obj
C:\Users\肖迅东\HomeWork\Project\MFCproject\Debug\ProjectDialog.obj
C:\Users\肖迅东\HomeWork\Project\MFCproject\Debug\RightView.obj
C:\Users\肖迅东\HomeWork\Project\MFCproject\Debug\stdafx.obj
C:\Users\肖迅东\HomeWork\Project\MFCproject\Debug\cl.command.1.tlog
C:\Users\肖迅东\HomeWork\Project\MFCproject\Debug\CL.read.1.tlog
C:\Users\肖迅东\HomeWork\Project\MFCproject\Debug\CL.write.1.tlog
C:\Users\肖迅东\HomeWork\Project\MFCproject\Debug\link-cvtres.read.1.tlog
C:\Users\肖迅东\HomeWork\Project\MFCproject\Debug\link-cvtres.write.1.tlog
C:\Users\肖迅东\HomeWork\Project\MFCproject\Debug\link-mt.read.1.tlog
C:\Users\肖迅东\HomeWork\Project\MFCproject\Debug\link-mt.write.1.tlog
C:\Users\肖迅东\HomeWork\Project\MFCproject\Debug\link-rc.read.1.tlog
C:\Users\肖迅东\HomeWork\Project\MFCproject\Debug\link-rc.write.1.tlog
C:\Users\肖迅东\HomeWork\Project\MFCproject\Debug\link.12860-cvtres.read.1.tlog
C:\Users\肖迅东\HomeWork\Project\MFCproject\Debug\link.12860-cvtres.write.1.tlog
C:\Users\肖迅东\HomeWork\Project\MFCproject\Debug\link.12860-mt.read.1.tlog
C:\Users\肖迅东\HomeWork\Project\MFCproject\Debug\link.12860-mt.write.1.tlog
C:\Users\肖迅东\HomeWork\Project\MFCproject\Debug\link.12860-rc.read.1.tlog
C:\Users\肖迅东\HomeWork\Project\MFCproject\Debug\link.12860-rc.write.1.tlog
C:\Users\肖迅东\HomeWork\Project\MFCproject\Debug\link.12860.read.1.tlog
C:\Users\肖迅东\HomeWork\Project\MFCproject\Debug\link.12860.write.1.tlog
C:\Users\肖迅东\HomeWork\Project\MFCproject\Debug\link.command.1.tlog
C:\Users\肖迅东\HomeWork\Project\MFCproject\Debug\link.read.1.tlog
C:\Users\肖迅东\HomeWork\Project\MFCproject\Debug\link.write.1.tlog
C:\Users\肖迅东\HomeWork\Project\MFCproject\Debug\rc.command.1.tlog
C:\Users\肖迅东\HomeWork\Project\MFCproject\Debug\rc.read.1.tlog
C:\Users\肖迅东\HomeWork\Project\MFCproject\Debug\rc.write.1.tlog
C:\Users\肖迅东\HomeWork\Project\MFCproject\Debug\MFCproject.res
C:\Users\肖迅东\HomeWork\Project\MFCproject\Debug\MFCproject.pch
C:\Users\肖迅东\HomeWork\Project\MFCproject\Debug\vc110.idb
C:\Users\肖迅东\HomeWork\Project\MFCproject\Debug\vc110.pdb
C:\Users\肖迅东\HomeWork\Project\Debug\MFCproject.pdb
C:\Users\肖迅东\HomeWork\Project\Debug\MFCproject.exe
C:\Users\肖迅东\HomeWork\Project\Debug\MFCproject.ilk
